1570735702194	mozrunner::runner	INFO	Running command: "C:\\Program Files\\Mozilla Firefox\\firefox.exe" "-marionette" "-foreground" "-no-remote" "-profile" "C:\\Users\\Marvik\\AppData\\Local\\Temp\\rust_mozprofileg1L18r"
1570735702900	addons.webextension.screenshots@mozilla.org	WARN	Loading extension 'screenshots@mozilla.org': Reading manifest: Invalid extension permission: mozillaAddons
1570735702900	addons.webextension.screenshots@mozilla.org	WARN	Loading extension 'screenshots@mozilla.org': Reading manifest: Invalid extension permission: telemetry
1570735702900	addons.webextension.screenshots@mozilla.org	WARN	Loading extension 'screenshots@mozilla.org': Reading manifest: Invalid extension permission: resource://pdf.js/
1570735702901	addons.webextension.screenshots@mozilla.org	WARN	Loading extension 'screenshots@mozilla.org': Reading manifest: Invalid extension permission: about:reader*
JavaScript error: resource://gre/modules/XULStore.jsm, line 66: Error: Can't find profile directory.
1570735704634	Marionette	INFO	Listening on port 53644
1570735704812	Marionette	WARN	TLS certificate errors will be ignored for this session
[Parent 10868, Gecko_IOThread] WARNING: pipe error: 109: file z:/task_1569974145/build/src/ipc/chromium/src/chrome/common/ipc_channel_win.cc, line 341
[Parent 10868, Gecko_IOThread] WARNING: pipe error: 109: file z:/task_1569974145/build/src/ipc/chromium/src/chrome/common/ipc_channel_win.cc, line 341
[Child 11364, Chrome_ChildThread] WARNING: pipe error: 109: file z:/task_1569974145/build/src/ipc/chromium/src/chrome/common/ipc_channel_win.cc, line 341
[C[Child 1209h2, Chrome_ChildThread] WARNING: pipe error: 109: file z:/task_1569974145/build/src/ipc/chromium/src/chrome/common/ipc_channel_win.cc, line 341
[Child 12092, Chrome_ChildThr[Parent 10868, Gecko_IOThread] WARNING: pipe error: 109: file z:/task_1569974145/build/src/ipc/chromium/src/chrome/common/ipc_channel_win.cc, line 341
[Child 8604, Chrome_ChildThread] WARNING: pipe error: 109: file z:/task_1569974145/build/src/ipc/chromium/src/chrome/common/ipc_channel_win.cc, line 341
[Child 8604, Chrome_ChildThread] WARNING: p1570735720928	Marionette	INFO	Stopped listening on port 53644
[GPU 11448
###!!! [Child][RunMessage] Error: Channel closing: too late to send/recv, messages will be lost

, Chr
###!!! [Child][MessageChannel::SendAndWait] Error: Channel error: cannot send/recv

1570739416171	mozrunner::runner	INFO	Running command: "C:\\Program Files\\Mozilla Firefox\\firefox.exe" "-marionette" "-foreground" "-no-remote" "-profile" "C:\\Users\\Marvik\\AppData\\Local\\Temp\\rust_mozprofileMwR52Z"
1570739416545	addons.webextension.screenshots@mozilla.org	WARN	Loading extension 'screenshots@mozilla.org': Reading manifest: Invalid extension permission: mozillaAddons
1570739416545	addons.webextension.screenshots@mozilla.org	WARN	Loading extension 'screenshots@mozilla.org': Reading manifest: Invalid extension permission: telemetry
1570739416545	addons.webextension.screenshots@mozilla.org	WARN	Loading extension 'screenshots@mozilla.org': Reading manifest: Invalid extension permission: resource://pdf.js/
1570739416545	addons.webextension.screenshots@mozilla.org	WARN	Loading extension 'screenshots@mozilla.org': Reading manifest: Invalid extension permission: about:reader*
JavaScript error: resource://gre/modules/XULStore.jsm, line 66: Error: Can't find profile directory.
1570739418090	Marionette	INFO	Listening on port 53729
1570739418186	Marionette	WARN	TLS certificate errors will be ignored for this session
[Parent 11800, Gecko_IOThread] WARNING: pipe error: 109: file z:/task_1569974145/build/src/ipc/chromium/src/chrome/common/ipc_channel_win.cc, line 341
[Child 6684, Chrome_ChildThread] WARNING: pipe error: 109: file z:/task_1569974145/build/src/ipc/chromium/src/chrome/common/ipc_channel_win.cc, line 341
[Child 6684, Chrome_Ch[Parent 11800, Gecko_IOThread] WARNING: pipe error: 109: file z:/task_1569974145/build/src/ipc/chromium/src/chrome/common/ipc_channel_win.cc, line 341
[Child 10356, Chrome_ChildThread] WARNING: pipe error: 109: file z:/task_1569974145/build/src/ipc/chromium/src/chrome/common/ipc_channel_win.cc, line 341
[Child 10356, C[Parent 11800, Gecko_IOThread] WARNING: pipe error: 109: file z:/task_1569974145/build/src/ipc/chromium/src/chrome/common/ipc_channel_win.cc, line 341
[Child 8628, Chrome_ChildThread] WARNING: pipe error: 109: file z:/task_1569974145/build/src/ipc/chromium/src/chrome/common/ipc_channel_win.cc, line 341
[Child 8628, Chrom1570739429329	Marionette	INFO	Stopped listening on port 53729
[GPU 1368, Chrome_ChildThread] WARNI
###!!! [Child][MessageChannel::SendAndWait] Error: Channel error: cannot send/recv

1570739561058	mozrunner::runner	INFO	Running command: "C:\\Program Files\\Mozilla Firefox\\firefox.exe" "-marionette" "-foreground" "-no-remote" "-profile" "C:\\Users\\Marvik\\AppData\\Local\\Temp\\rust_mozprofilebZ6w9m"
1570739561425	addons.webextension.screenshots@mozilla.org	WARN	Loading extension 'screenshots@mozilla.org': Reading manifest: Invalid extension permission: mozillaAddons
1570739561425	addons.webextension.screenshots@mozilla.org	WARN	Loading extension 'screenshots@mozilla.org': Reading manifest: Invalid extension permission: telemetry
1570739561425	addons.webextension.screenshots@mozilla.org	WARN	Loading extension 'screenshots@mozilla.org': Reading manifest: Invalid extension permission: resource://pdf.js/
1570739561425	addons.webextension.screenshots@mozilla.org	WARN	Loading extension 'screenshots@mozilla.org': Reading manifest: Invalid extension permission: about:reader*
JavaScript error: resource://gre/modules/XULStore.jsm, line 66: Error: Can't find profile directory.
1570739563129	Marionette	INFO	Listening on port 53777
1570739563175	Marionette	WARN	TLS certificate errors will be ignored for this session
[Parent 10628, Gecko_IOThread] WARNING: pipe error: 109: file z:/task_1569974145/build/src/ipc/chromium/src/chrome/common/ipc_channel_win.cc, line 341
[Parent 10628, Gecko_IOThread] WARNING: pipe error: 109: file z:/task_1569974145/build/src/ipc/chromium/src/chrome/common/ipc_channel_win.cc, line 341
[Parent 10628, Gecko_IOThread] WARNING: pipe error: 109: file z:/task_1569974145/build/src/ipc/chromium/src/chrome/common/ipc_channel_win.cc, line 341
[Parent 10628, Gecko_IOThread] WARNING: pipe error: 109: file z:/task_1569974145/build/src/ipc/chromium/src/chrome/common/ipc_channel_win.cc, line 341
[Child 12068, Chrome_ChildThread] WARNING: pipe error: 109: file z:/task_1569974145/build/src/ipc/chromium/src/chrome/common/ipc_channel_win.cc, line 341
[Child 12068, Chrome_Ch[Parent 10628, Gecko_IOThread] WARNING: pipe error: 109: file z:/task_1569974145/build/src/ipc/chromium/src/chrome/common/ipc_channel_win.cc, line 341
[Child 1012, Chrome_ChildThread] WARNING: pipe error: 109: file z:/task_1569974145/build/src/ipc/chromium/src/chrome/common/ipc_channel_win.cc, line 341
[Child 1012, Chrome_ChildThread] WARNIN[Parent 10628, Gecko_IOThread] WARNING: pipe error: 109: file z:/task_1569974145/build/src/ipc/chromium/src/chrome/common/ipc_channel_win.cc, line 341
[Child 252, Chrome_ChildThread] WARNING: pipe error: 109: file z:/task_1569974145/build/src/ipc/chromium/src/chrome/common/ipc_channel_win.cc, line 341
[Child 252, Chrome_Cconsole.error: (new Error("Connection closed before committing the transaction.", "resource://gre/modules/Sqlite.jsm", 683))
1570739617113	Marionette	INFO	Stopped listening on port 53777

###!!! [Child][RunMessage] Error: Channel closing: too late to send/recv, messages will be lost

[GPU 1196, Chrome_ChildThread] WARN
###!!! [Child][MessageChannel::SendAndWait] Error: Channel error: cannot send/recv

e/common/ipc_channel_win.cc, line 341
[Parent 2280, Gecko_IOThread] WARNING: pipe error: 109: file z:/task_1569974145/build/src/ipc/chromium/src/chrome/common/ipc_channel_win.cc, line 341
[Parent 2280, Gecko_IOThread] WARNING: pipe error: 109: file z:/task_1569974145/build/src/ipc/chromium/src/chrome/common/ipc_channel_win.cc, line 341
[Parent 2280, Gecko_IOThread] WARNING: pipe error: 109: file z:/task_1569974145/build/src/ipc/chromium/src/chrome/common/ipc_channel_win.cc, line 341
[Parent 2280, Gecko_IOThread] WARNING: pipe error: 109: file z:/task_1569974145/build/src/ipc/chromium/src/chrome/common/ipc_channel_win.cc, line 341
[Parent 2280, Gecko_IOThread] WARNING: pipe error: 109: file z:/task_1569974145/build/src/ipc/chromium/src/chrome/common/ipc_channel_win.cc, line 341
[Child 5524, Chrome_ChildThread] WARNING: pipe error: 109: file z:/task_1569974145/build/src/ipc/chromium/src/chrome/common/ipc_channel_win.cc, line 341
[Child 5524[Parent 2280, Gecko_IOThread] WARNING: pipe error: 109: file z:/task_1569974145/build/src/ipc/chromium/src/chrome/common/ipc_channel_win.cc, line 341
[Child 11804, Chrome_ChildThread] WARNING: pipe error: 109: file z:/task_1569974145/build/src/ipc/chromium/src/chrome/common/ipc_channel_win.cc, line 341
[Child 11804, Chrome_ChildThread] WARNING[Parent 2280, Gecko_IOThread] WARNING: pipe error: 109: file z:/task_1569974145/build/src/ipc/chromium/src/chrome/common/ipc_channel_win.cc, line 341
[Child 9416, Chrome_ChildThread] WARNING: pipe error: 109: file z:/task_1569974145/build/src/ipc/chromium/src/chrome/common/ipc_channel_win.cc, line 341
[Child 9416, Chrome_Chil1570739611306	Marionette	INFO	Stopped listening on port 53880
[GPU 2808, Chr
###!!! [Child][MessageChannel::SendAndWait] Error: Channel error: cannot send/recv

1570739803269	mozrunner::runner	INFO	Running command: "C:\\Program Files\\Mozilla Firefox\\firefox.exe" "-marionette" "-foreground" "-no-remote" "-profile" "C:\\Users\\Marvik\\AppData\\Local\\Temp\\rust_mozprofileVThX00"
1570739803640	addons.webextension.screenshots@mozilla.org	WARN	Loading extension 'screenshots@mozilla.org': Reading manifest: Invalid extension permission: mozillaAddons
1570739803640	addons.webextension.screenshots@mozilla.org	WARN	Loading extension 'screenshots@mozilla.org': Reading manifest: Invalid extension permission: telemetry
1570739803640	addons.webextension.screenshots@mozilla.org	WARN	Loading extension 'screenshots@mozilla.org': Reading manifest: Invalid extension permission: resource://pdf.js/
1570739803640	addons.webextension.screenshots@mozilla.org	WARN	Loading extension 'screenshots@mozilla.org': Reading manifest: Invalid extension permission: about:reader*
JavaScript error: resource://gre/modules/XULStore.jsm, line 66: Error: Can't find profile directory.
1570739805203	Marionette	INFO	Listening on port 54005
1570739805278	Marionette	WARN	TLS certificate errors will be ignored for this session
1570739806310	Marionette	INFO	Stopped listening on port 54005
[Parent 10332, Gecko_IOThread] WARNING: pipe error: 109: file z:/task_1569974145/build/src/ipc/chromium/src/chrome/common/ipc_channel_win.cc, line 341
[Child 2404, Chrome_ChildThread] WARNING: pipe error: 109: file z:/task_1569974145/build/src/ipc/chromium/src/chrome/common/ipc_channel_win.cc, line 341
[Child 2404, Chrome_ChildThread] W[Parent 10332, Gecko_IOThread] WARNING: pipe error: 109: file z:/task_1569974145/build/src/ipc/chromium/src/chrome/common/ipc_channel_win.cc, line 341
[Child 10188, Chrome_ChildThread] WARNING: pipe error: 109: file z:/task_1569974145/build/src/ipc/chromium/src/chrome/common/ipc_channel_win.cc, line 341
[Child 10188, Chrome_ChildThr[Parent 10332, Gecko_IOThread] WARNING: pipe error: 109: file z:/task_1569974145/build/src/ipc/chromium/src/chrome/common/ipc_channel_win.cc, line 341
[Child 8976, Chrome_ChildThread] WARNING: pipe error: 109: file z:/task_1569974145/build/src/ipc/chromium/src/chrome/common/ipc_channel_win.cc, line 341
[Child 8976, Chrome_[GPU 793
###!!! [Child][RunMessage] Error: Channel closing: too late to send/recv, messages will be lost


###!!! [Child][MessageChannel::SendAndWait] Error: Channel error: cannot send/recv

